=== Suite started at 2017-12-03 16:04:07
=== Starting test, 6 test cases
=cases         6
=user          Wai Chung Fung
=host          nohost
=hosts         nohost 
=emulator_vsn  9.1
=emulator      beam
=otp_release   20
=started       2017-12-03 16:04:07
=case          ct_framework:init_per_suite
=logfile       ct_framework.init_per_suite.html
=group_props   [{suite,domaintable_SUITE}]
=started       2017-12-03 16:04:08
=ended         2017-12-03 16:04:08
=result        ok
=elapsed       0.0
=case          domaintable_SUITE:insert_object_test
=logfile       domaintable_suite.insert_object_test.html
=started       2017-12-03 16:04:08
=ended         2017-12-03 16:04:08
=result        failed: {test_case_failed,{no_exists,domaintable}}, [{domaintable_SUITE,
                                                                     insert_object_test,
                                                                     21},
                                                                    {test_server,
                                                                     ts_tc,
                                                                     1539},
                                                                    {test_server,
                                                                     run_test_case_eval1,
                                                                     1055},
                                                                    {test_server,
                                                                     run_test_case_eval,
                                                                     987}]
=== *** FAILED test case 1 of 6 ***
=case          domaintable_SUITE:remove_object_test
=logfile       domaintable_suite.remove_object_test.html
=started       2017-12-03 16:04:08
=ended         2017-12-03 16:04:08
=result        failed: {test_case_failed,{no_exists,domaintable}}, [{domaintable_SUITE,
                                                                     remove_object_test,
                                                                     33},
                                                                    {test_server,
                                                                     ts_tc,
                                                                     1539},
                                                                    {test_server,
                                                                     run_test_case_eval1,
                                                                     1055},
                                                                    {test_server,
                                                                     run_test_case_eval,
                                                                     987}]
=== *** FAILED test case 2 of 6 ***
=case          domaintable_SUITE:calcEuclidean_test
=logfile       domaintable_suite.calceuclidean_test.html
=started       2017-12-03 16:04:08
=ended         2017-12-03 16:04:08
=result        ok
=elapsed       0.0
=case          ct_framework:end_per_suite
=logfile       ct_framework.end_per_suite.html
=group_props   [{suite,domaintable_SUITE}]
=started       2017-12-03 16:04:08
=ended         2017-12-03 16:04:08
=result        ok
=elapsed       0.0
=group_time    0.313s
=case          ct_framework:init_per_suite
=logfile       ct_framework.init_per_suite.130.html
=group_props   [{suite,parser_SUITE}]
=started       2017-12-03 16:04:08
=ended         2017-12-03 16:04:08
=result        ok
=elapsed       0.0
=case          parser_SUITE:parse_valid_test
=logfile       parser_suite.parse_valid_test.html
=started       2017-12-03 16:04:08
=ended         2017-12-03 16:04:08
=result        failed: {{badrecord,message},
                        [{parser_SUITE,compare_records,2,
                             [{file,"test/suites/parser_SUITE.erl"},
                              {line,44}]},
                         {parser_SUITE,parse_valid_test,1,
                             [{file,"test/suites/parser_SUITE.erl"},
                              {line,33}]},
                         {test_server,ts_tc,3,
                             [{file,"test_server.erl"},{line,1539}]},
                         {test_server,run_test_case_eval1,6,
                             [{file,"test_server.erl"},{line,1055}]},
                         {test_server,run_test_case_eval,9,
                             [{file,"test_server.erl"},{line,987}]}]}, [{parser_SUITE,
                                                                         compare_records,
                                                                         44},
                                                                        {parser_SUITE,
                                                                         parse_valid_test,
                                                                         33},
                                                                        {test_server,
                                                                         ts_tc,
                                                                         1539},
                                                                        {test_server,
                                                                         run_test_case_eval1,
                                                                         1055},
                                                                        {test_server,
                                                                         run_test_case_eval,
                                                                         987}]
=== *** FAILED test case 4 of 6 ***
=case          ct_framework:end_per_suite
=logfile       ct_framework.end_per_suite.162.html
=group_props   [{suite,parser_SUITE}]
=started       2017-12-03 16:04:08
=ended         2017-12-03 16:04:08
=result        ok
=elapsed       0.0
=group_time    0.222s
=case          ct_framework:init_per_suite
=logfile       ct_framework.init_per_suite.194.html
=group_props   [{suite,sample_SUITE}]
=started       2017-12-03 16:04:08
=ended         2017-12-03 16:04:08
=result        ok
=elapsed       0.0
=case          sample_SUITE:test1
=logfile       sample_suite.test1.html
=started       2017-12-03 16:04:08
=ended         2017-12-03 16:04:08
=result        ok
=elapsed       0.0
=case          sample_SUITE:test2
=logfile       sample_suite.test2.html
=started       2017-12-03 16:04:08
=ended         2017-12-03 16:04:08
=result        failed: {badarith,
                           [{sample_SUITE,test2,1,
                                [{file,"test/suites/sample_SUITE.erl"},
                                 {line,17}]},
                            {test_server,ts_tc,3,
                                [{file,"test_server.erl"},{line,1539}]},
                            {test_server,run_test_case_eval1,6,
                                [{file,"test_server.erl"},{line,1055}]},
                            {test_server,run_test_case_eval,9,
                                [{file,"test_server.erl"},{line,987}]}]}, [{sample_SUITE,
                                                                            test2,
                                                                            17},
                                                                           {test_server,
                                                                            ts_tc,
                                                                            1539},
                                                                           {test_server,
                                                                            run_test_case_eval1,
                                                                            1055},
                                                                           {test_server,
                                                                            run_test_case_eval,
                                                                            987}]
=== *** FAILED test case 6 of 6 ***
=case          ct_framework:end_per_suite
=logfile       ct_framework.end_per_suite.226.html
=group_props   [{suite,sample_SUITE}]
=started       2017-12-03 16:04:08
=ended         2017-12-03 16:04:08
=result        ok
=elapsed       0.0
=group_time    0.206s
=== TEST COMPLETE, 2 ok, 4 failed of 6 test cases

=finished      2017-12-03 16:04:08
=failed        4
=successful    2
=user_skipped  0
=auto_skipped  0
